<?xml version="1.0" encoding="UTF-8"?>
<testsuites name="jest tests" tests="26" failures="0" errors="0" time="38.842">
  <testsuite name="Neutron Hackaton Test" errors="0" failures="0" skipped="0" timestamp="2023-07-16T10:25:44" time="27.513" tests="18">
    <testcase classname="Neutron Hackaton Test deploying contract store contract" name="Neutron Hackaton Test deploying contract store contract" time="1.168">
    </testcase>
    <testcase classname="Neutron Hackaton Test deploying contract instantiate contract" name="Neutron Hackaton Test deploying contract instantiate contract" time="1.853">
    </testcase>
    <testcase classname="Neutron Hackaton Test submitting a proposal if can submit a proposal" name="Neutron Hackaton Test submitting a proposal if can submit a proposal" time="1.019">
    </testcase>
    <testcase classname="Neutron Hackaton Test submitting a proposal if can query all proposal" name="Neutron Hackaton Test submitting a proposal if can query all proposal" time="0.007">
    </testcase>
    <testcase classname="Neutron Hackaton Test submitting a proposal if can query proposal by id" name="Neutron Hackaton Test submitting a proposal if can query proposal by id" time="0.005">
    </testcase>
    <testcase classname="Neutron Hackaton Test funding a proposal if can sends funds" name="Neutron Hackaton Test funding a proposal if can sends funds" time="0.997">
    </testcase>
    <testcase classname="Neutron Hackaton Test funding a proposal if can proposal now have funds" name="Neutron Hackaton Test funding a proposal if can proposal now have funds" time="0.006">
    </testcase>
    <testcase classname="Neutron Hackaton Test funding a proposal if funds are in custody" name="Neutron Hackaton Test funding a proposal if funds are in custody" time="0.006">
    </testcase>
    <testcase classname="Neutron Hackaton Test submitting a application if can submit a application" name="Neutron Hackaton Test submitting a application if can submit a application" time="0.997">
    </testcase>
    <testcase classname="Neutron Hackaton Test submitting a application if the proposal now have applications" name="Neutron Hackaton Test submitting a application if the proposal now have applications" time="0.008">
    </testcase>
    <testcase classname="Neutron Hackaton Test approving an application if can send approval message" name="Neutron Hackaton Test approving an application if can send approval message" time="1.004">
    </testcase>
    <testcase classname="Neutron Hackaton Test approving an application if the funds are locked now" name="Neutron Hackaton Test approving an application if the funds are locked now" time="0.006">
    </testcase>
    <testcase classname="Neutron Hackaton Test approving an application if locked funds skipping work" name="Neutron Hackaton Test approving an application if locked funds skipping work" time="0.005">
    </testcase>
    <testcase classname="Neutron Hackaton Test accepting bounty if can accept bounty" name="Neutron Hackaton Test accepting bounty if can accept bounty" time="1.001">
    </testcase>
    <testcase classname="Neutron Hackaton Test accepting bounty if the application is now accepted" name="Neutron Hackaton Test accepting bounty if the application is now accepted" time="0.005">
    </testcase>
    <testcase classname="Neutron Hackaton Test verifying bounty if can verify bounty" name="Neutron Hackaton Test verifying bounty if can verify bounty" time="1.009">
    </testcase>
    <testcase classname="Neutron Hackaton Test verifying bounty if the application is now verified" name="Neutron Hackaton Test verifying bounty if the application is now verified" time="0.007">
    </testcase>
    <testcase classname="Neutron Hackaton Test verifying bounty if the funds are now unlocked" name="Neutron Hackaton Test verifying bounty if the funds are now unlocked" time="0.011">
    </testcase>
  </testsuite>
  <testsuite name="Neutron Hackaton Test" errors="0" failures="0" skipped="0" timestamp="2023-07-16T10:25:44" time="38.654" tests="8">
    <testcase classname="Neutron Hackaton Test deploying contract store contract" name="Neutron Hackaton Test deploying contract store contract" time="1.229">
    </testcase>
    <testcase classname="Neutron Hackaton Test deploying contract instantiate contract" name="Neutron Hackaton Test deploying contract instantiate contract" time="1.804">
    </testcase>
    <testcase classname="Neutron Hackaton Test registering an interchain account can register account" name="Neutron Hackaton Test registering an interchain account can register account" time="2.024">
    </testcase>
    <testcase classname="Neutron Hackaton Test registering an interchain account if ICA accounts created" name="Neutron Hackaton Test registering an interchain account if ICA accounts created" time="0.008">
    </testcase>
    <testcase classname="Neutron Hackaton Test registering an interchain account if can get the ICA address" name="Neutron Hackaton Test registering an interchain account if can get the ICA address" time="6.064">
    </testcase>
    <testcase classname="Neutron Hackaton Test funding a project from another chain if can send funds to the ICA" name="Neutron Hackaton Test funding a project from another chain if can send funds to the ICA" time="0.039">
    </testcase>
    <testcase classname="Neutron Hackaton Test funding a project from another chain that contract havent seen the transfer yet" name="Neutron Hackaton Test funding a project from another chain that contract havent seen the transfer yet" time="0.011">
    </testcase>
    <testcase classname="Neutron Hackaton Test funding a project from another chain that contract sees the transfer after a while (FAILS)" name="Neutron Hackaton Test funding a project from another chain that contract sees the transfer after a while (FAILS)" time="10.091">
    </testcase>
  </testsuite>
</testsuites>